<?xml version="1.0" encoding="UTF-8" ?>
<testsuite tests="12" failures="0" name="fundtransfer.RunCukesTest" time="0.192" errors="0" skipped="0">
  <properties>
[...]
</properties>
  <testcase classname="Scenario: Valid Payee" name="Given the user is on Fund Transfer Page" time="0.006"/>
  <testcase classname="Scenario: Valid Payee" name="When he enters &quot;Jim&quot; as payee name" time="0"/>
  <testcase classname="Scenario: Valid Payee" name="And he enters &quot;100&quot; as amount" time="0"/>
  <testcase classname="Scenario: Valid Payee" name="And he submits request for Fund Transfer" time="0"/>
  <testcase classname="Scenario: Valid Payee" name="Then ensure the fund transfer is complete with &quot;$100 transferred successfully to Jim!!&quot; message" time="0"/>
  <testcase classname="Scenario: Valid Payee" name="Scenario: Valid Payee" time="0.091"/>
  <testcase classname="| Tim | 100000 | Transfer failed!! account cannot be overdrawn |" name="Given the user is on Fund Transfer Page" time="0"/>
  <testcase classname="| Tim | 100000 | Transfer failed!! account cannot be overdrawn |" name="When he enters &quot;Tim&quot; as payee name" time="0"/>
  <testcase classname="| Tim | 100000 | Transfer failed!! account cannot be overdrawn |" name="And he enters &quot;100000&quot; as amount" time="0"/>
  <testcase classname="| Tim | 100000 | Transfer failed!! account cannot be overdrawn |" name="And he submits request for Fund Transfer" time="0.001"/>
  <testcase classname="| Tim | 100000 | Transfer failed!! account cannot be overdrawn |" name="Then ensure a transaction failure &quot;Transfer failed!! account cannot be overdrawn&quot; is displayed" time="0"/>
  <testcase classname="| Tim | 100000 | Transfer failed!! account cannot be overdrawn |" name="| Tim | 100000 | Transfer failed!! account cannot be overdrawn |" time="0.094"/>
</testsuite>